<?xml version="1.0" encoding="UTF-8" ?>
<testsuite tests="1" failures="0" name="Douya.DouyaSpider.AppTest" time="0.002" errors="0" skipped="0">
  <properties>
    <property name="java.runtime.name" value="Java(TM) SE Runtime Environment"/>
    <property name="sun.boot.library.path" value="D:\Program Files\jdk1.8.0_45\jre\bin"/>
    <property name="java.vm.version" value="25.45-b02"/>
    <property name="awt.useSystemAAFontSettings" value="lcd"/>
    <property name="java.vm.vendor" value="Oracle Corporation"/>
    <property name="maven.multiModuleProjectDirectory" value="D:\usr\eclipseWorkspace\DouyaSpider"/>
    <property name="java.vendor.url" value="http://java.oracle.com/"/>
    <property name="path.separator" value=";"/>
    <property name="guice.disable.misplaced.annotation.check" value="true"/>
    <property name="java.vm.name" value="Java HotSpot(TM) 64-Bit Server VM"/>
    <property name="file.encoding.pkg" value="sun.io"/>
    <property name="user.script" value=""/>
    <property name="user.country" value="CN"/>
    <property name="sun.java.launcher" value="SUN_STANDARD"/>
    <property name="sun.os.patch.level" value=""/>
    <property name="java.vm.specification.name" value="Java Virtual Machine Specification"/>
    <property name="user.dir" value="D:\usr\eclipseWorkspace\DouyaSpider"/>
    <property name="java.runtime.version" value="1.8.0_45-b15"/>
    <property name="java.awt.graphicsenv" value="sun.awt.Win32GraphicsEnvironment"/>
    <property name="java.endorsed.dirs" value="D:\Program Files\jdk1.8.0_45\jre\lib\endorsed"/>
    <property name="os.arch" value="amd64"/>
    <property name="java.io.tmpdir" value="C:\Users\douya\AppData\Local\Temp\"/>
    <property name="line.separator" value="
"/>
    <property name="java.vm.specification.vendor" value="Oracle Corporation"/>
    <property name="user.variant" value=""/>
    <property name="os.name" value="Windows 8.1"/>
    <property name="classworlds.conf" value="D:\usr\eclipseWorkspace\.metadata\.plugins\org.eclipse.m2e.launching\launches\m2conf2135884796777039275.tmp"/>
    <property name="sun.jnu.encoding" value="GBK"/>
    <property name="java.library.path" value="D:\Program Files\jdk1.8.0_45\bin;C:\Windows\Sun\Java\bin;C:\Windows\system32;C:\Windows; D:\deep\caffe-windows\Build\x64\Debug\pycaffe\caffe;C:\Program Files\NVIDIA GPU Computing Toolkit\CUDA\v8.0\bin;C:\Program Files\NVIDIA GPU Computing Toolkit\CUDA\v8.0\libnvvp;;D:\Program Files\Anaconda;C:\Program Files\Git\bin;C:\Windows\system32;C:\Windows;C:\Windows\System32\Wbem;C:\Windows\System32\WindowsPowerShell\v1.0\;D:\Program Files\jdk1.8.0_45\bin;D:\Program Files\Anaconda;D:\Program Files\Anaconda\Scripts;D:\Program Files\Anaconda\Library\bin;C:\Program Files\Git\cmd;C:\Users\douya\.dnx\bin;C:\Program Files\Microsoft DNX\Dnvm\;C:\Program Files (x86)\Windows Kits\8.1\Windows Performance Toolkit\;D:\program\QT\5.7\mingw53_32\bin;C:\CTEX\UserData\miktex\bin;C:\CTEX\MiKTeX\miktex\bin;C:\CTEX\CTeX;C:\CTEX\CTeX\Packages\ctex\bin;C:\CTEX\CTeX;C:\CTEX\CTeX\Packages\cct\bin;C:\CTEX\CTeX;C:\CTEX\CTeX\Packages\ty\bin;C:\CTEX\Ghostscript\gs9.18\bin;C:\CTEX\GSview\gsview;C:\CTEX\WinEdt;D:\BaiduNetdiskDownload\9turing\cocos2d-x-3.9\tools\cocos2d-console\bin;C:\Program Files\MATLAB\R2016a\runtime\win64;C:\Program Files\MATLAB\R2016a\bin;C:\Program Files\MATLAB\R2016a\polyspace\bin;C:\Program Files (x86)\NVIDIA Corporation\PhysX\Common;C:\Program Files\Microsoft SQL Server\110\Tools\Binn\;D:\lib\hadoop-common-2.2.0-bin-master\bin;D:\lib\opencv\opencv\build\x64\vc12\bin;C:\Users\douya\Anaconda2;C:\Users\douya\Anaconda2\Scripts;C:\Users\douya\Anaconda2\Library\bin;D:\Program Files\python\Scripts\;D:\Program Files\python\;D:\program\QTvs\5.7\msvc2015_64\bin\;D:\program\QTvs\5.7\msvc2015_64\bin\;C:\texlive\2016\bin\win32;."/>
    <property name="java.specification.name" value="Java Platform API Specification"/>
    <property name="java.class.version" value="52.0"/>
    <property name="sun.management.compiler" value="HotSpot 64-Bit Tiered Compilers"/>
    <property name="os.version" value="6.3"/>
    <property name="user.home" value="C:\Users\douya"/>
    <property name="user.timezone" value="Asia/Shanghai"/>
    <property name="java.awt.printerjob" value="sun.awt.windows.WPrinterJob"/>
    <property name="java.specification.version" value="1.8"/>
    <property name="file.encoding" value="GBK"/>
    <property name="user.name" value="douya"/>
    <property name="java.class.path" value="/D:/Program Files/eclipsenew/plugins/org.eclipse.m2e.maven.runtime_1.6.2.20150902-0001/jars/plexus-classworlds-2.5.2.jar"/>
    <property name="java.vm.specification.version" value="1.8"/>
    <property name="sun.arch.data.model" value="64"/>
    <property name="java.home" value="D:\Program Files\jdk1.8.0_45\jre"/>
    <property name="sun.java.command" value="org.codehaus.plexus.classworlds.launcher.Launcher -B install"/>
    <property name="java.specification.vendor" value="Oracle Corporation"/>
    <property name="user.language" value="zh"/>
    <property name="awt.toolkit" value="sun.awt.windows.WToolkit"/>
    <property name="java.vm.info" value="mixed mode"/>
    <property name="java.version" value="1.8.0_45"/>
    <property name="java.ext.dirs" value="D:\Program Files\jdk1.8.0_45\jre\lib\ext;C:\Windows\Sun\Java\lib\ext"/>
    <property name="sun.boot.class.path" value="D:\Program Files\jdk1.8.0_45\jre\lib\resources.jar;D:\Program Files\jdk1.8.0_45\jre\lib\rt.jar;D:\Program Files\jdk1.8.0_45\jre\lib\sunrsasign.jar;D:\Program Files\jdk1.8.0_45\jre\lib\jsse.jar;D:\Program Files\jdk1.8.0_45\jre\lib\jce.jar;D:\Program Files\jdk1.8.0_45\jre\lib\charsets.jar;D:\Program Files\jdk1.8.0_45\jre\lib\jfr.jar;D:\Program Files\jdk1.8.0_45\jre\classes"/>
    <property name="java.vendor" value="Oracle Corporation"/>
    <property name="maven.home" value="D:\usr\eclipseWorkspace\DouyaSpider\EMBEDDED"/>
    <property name="file.separator" value="\"/>
    <property name="java.vendor.url.bug" value="http://bugreport.sun.com/bugreport/"/>
    <property name="sun.cpu.endian" value="little"/>
    <property name="sun.io.unicode.encoding" value="UnicodeLittle"/>
    <property name="sun.desktop" value="windows"/>
    <property name="sun.cpu.isalist" value="amd64"/>
  </properties>
  <testcase classname="Douya.DouyaSpider.AppTest" name="testApp" time="0.002"/>
</testsuite>